<?xml version="1.0" encoding="UTF-8"?>
<!-- Generated by org.testng.reporters.JUnitReportReporter -->
<testsuite hostname="SHASHIKIRAN8BD2" name="TestGroupID.TestArtifactID.homepage" tests="4" failures="0" timestamp="22 Apr 2018 14:56:16 GMT" time="31.530" errors="0">
  <testcase name="homepage_03_teardown" time="2.340" classname="TestGroupID.TestArtifactID.homepage"/>
  <testcase name="homepage_02_basepagenavigation" time="9.543" classname="TestGroupID.TestArtifactID.homepage"/>
  <testcase name="homepage_02_basepagenavigation" time="16.275" classname="TestGroupID.TestArtifactID.homepage"/>
  <testcase name="homepage_01_initilize" time="3.372" classname="TestGroupID.TestArtifactID.homepage"/>
</testsuite> <!-- TestGroupID.TestArtifactID.homepage -->
