<?xml version="1.0" encoding="UTF-8"?>
<!-- Generated by org.testng.reporters.JUnitReportReporter -->
<testsuite hostname="SHASHIKIRAN8BD2" name="TestGroupID.TestArtifactID.homepage" tests="4" failures="0" timestamp="20 Apr 2018 02:24:38 GMT" time="29.028" errors="0">
  <testcase name="homepage_02_basepagenavigation" time="9.815" classname="TestGroupID.TestArtifactID.homepage"/>
  <testcase name="homepage_01_initilize" time="3.334" classname="TestGroupID.TestArtifactID.homepage"/>
  <testcase name="homepage_03_teardown" time="0.179" classname="TestGroupID.TestArtifactID.homepage"/>
  <testcase name="homepage_02_basepagenavigation" time="15.700" classname="TestGroupID.TestArtifactID.homepage"/>
</testsuite> <!-- TestGroupID.TestArtifactID.homepage -->
