<?xml version="1.0" encoding="UTF-8"?>
<!-- Generated by org.testng.reporters.JUnitReportReporter -->
<testsuite hostname="SHASHIKIRAN8BD2" name="TestGroupID.TestArtifactID.validatenavbar" tests="3" failures="0" timestamp="20 Apr 2018 02:24:38 GMT" time="10.845" errors="0">
  <testcase name="validatenavbar_03_teardown" time="0.136" classname="TestGroupID.TestArtifactID.validatenavbar"/>
  <testcase name="validatenavbar_02_landingpagenavvalidation" time="0.055" classname="TestGroupID.TestArtifactID.validatenavbar"/>
  <testcase name="validatenavbar_01_initilize" time="10.654" classname="TestGroupID.TestArtifactID.validatenavbar"/>
</testsuite> <!-- TestGroupID.TestArtifactID.validatenavbar -->
